0 info it worked if it ends with ok
1 verbose cli [ 'node', '/opt/local/bin/npm', 'update' ]
2 info using npm@1.3.11
3 info using node@v0.10.20
4 info outdated updating undefined
5 error Failed to parse json
5 error Unexpected token /
6 error File: /Volumes/Tommy/Users/tommyboucher/GIT/JeuWEBGLPROJET/package.json
7 error Failed to parse package.json data.
7 error package.json must be actual JSON, not just JavaScript.
7 error
7 error This is not a bug in npm.
7 error Tell the package author to fix their package.json file. JSON.parse
8 error System Darwin 12.5.0
9 error command "node" "/opt/local/bin/npm" "update"
10 error cwd /Volumes/Tommy/Users/tommyboucher/GIT/JeuWEBGLPROJET
11 error node -v v0.10.20
12 error npm -v 1.3.11
13 error file /Volumes/Tommy/Users/tommyboucher/GIT/JeuWEBGLPROJET/package.json
14 error code EJSONPARSE
15 verbose exit [ 1, true ]
